
> api-server@1.0.0 start C:\Users\DGON\Documents\Universidad\TFG\api-server
> nodemon index.js

[33m[nodemon] 1.11.0[39m
[33m[nodemon] to restart at any time, enter `rs`[39m
[33m[nodemon] watching: *.*[39m
[32m[nodemon] starting `node index.js`[39m
events.js:160
      throw er; // Unhandled 'error' event
      ^

Error: EPERM: operation not permitted, read

npm ERR! Windows_NT 6.1.7601
npm ERR! argv "C:\\Program Files\\nodejs\\node.exe" "C:\\Users\\DGON\\AppData\\Roaming\\npm\\node_modules\\npm\\bin\\npm-cli.js" "start"
npm ERR! node v7.4.0
npm ERR! npm  v4.1.1
npm ERR! code ELIFECYCLE
npm ERR! api-server@1.0.0 start: `nodemon index.js`
npm ERR! Exit status 1
npm ERR! 
npm ERR! Failed at the api-server@1.0.0 start script 'nodemon index.js'.
npm ERR! Make sure you have the latest version of node.js and npm installed.
npm ERR! If you do, this is most likely a problem with the api-server package,
npm ERR! not with npm itself.
npm ERR! Tell the author that this fails on your system:
npm ERR!     nodemon index.js
npm ERR! You can get information on how to open an issue for this project with:
npm ERR!     npm bugs api-server
npm ERR! Or if that isn't available, you can get their info via:
npm ERR!     npm owner ls api-server
npm ERR! There is likely additional logging output above.

npm ERR! Please include the following file with any support request:
npm ERR!     C:\Users\DGON\Documents\Universidad\TFG\api-server\npm-debug.log

> api-server@1.0.0 start C:\Users\DGON\Documents\Universidad\TFG\api-server
> nodemon index.js

[33m[nodemon] 1.11.0[39m
[33m[nodemon] to restart at any time, enter `rs`[39m
[33m[nodemon] watching: *.*[39m
[32m[nodemon] starting `node index.js`[39m
events.js:160
      throw er; // Unhandled 'error' event
      ^

Error: EPERM: operation not permitted, read

npm ERR! Windows_NT 6.1.7601
npm ERR! argv "C:\\Program Files\\nodejs\\node.exe" "C:\\Users\\DGON\\AppData\\Roaming\\npm\\node_modules\\npm\\bin\\npm-cli.js" "start"
npm ERR! node v7.4.0
npm ERR! npm  v4.1.1
npm ERR! code ELIFECYCLE
npm ERR! api-server@1.0.0 start: `nodemon index.js`
npm ERR! Exit status 1
npm ERR! 
npm ERR! Failed at the api-server@1.0.0 start script 'nodemon index.js'.
npm ERR! Make sure you have the latest version of node.js and npm installed.
npm ERR! If you do, this is most likely a problem with the api-server package,
npm ERR! not with npm itself.
npm ERR! Tell the author that this fails on your system:
npm ERR!     nodemon index.js
npm ERR! You can get information on how to open an issue for this project with:
npm ERR!     npm bugs api-server
npm ERR! Or if that isn't available, you can get their info via:
npm ERR!     npm owner ls api-server
npm ERR! There is likely additional logging output above.

npm ERR! Please include the following file with any support request:
npm ERR!     C:\Users\DGON\Documents\Universidad\TFG\api-server\npm-debug.log
